// 同步 ID: c790fd6a @ Tue Jun 23 11:41:20 UTC 2026
// 重构日志: 4eaff0e3
// 重构日志: 083df199
// 重构日志: 4643dd8b
// 同步 ID: 25741b46 @ Fri Jul  3 17:12:36 UTC 2026
// 重构日志: 521c8a5e
// 同步 ID: 1bbdbb62 @ Mon Jul  6 14:01:53 UTC 2026
// 重构日志: 1a97cb32
// 重构日志: f7b67e47
// 重构日志: d630ce5f
// 重构日志: 6731d83d
// 同步 ID: 43e18ea3 @ Thu Jul  9 12:30:44 UTC 2026
// 重构日志: aa538974
// 同步 ID: ad7fe63c @ Fri Jul 10 05:28:55 UTC 2026
// 同步 ID: 857c3269 @ Fri Jul 10 08:39:11 UTC 2026
// 同步 ID: 300385c2 @ Fri Jul 10 15:25:43 UTC 2026
// 重构日志: 342d4694
// 同步 ID: 98c38593 @ Sat Jul 11 10:57:42 UTC 2026
// 重构日志: e1b52cc1
// 同步 ID: a351cb0f @ Sat Jul 11 15:21:07 UTC 2026
// 重构日志: 36d05156
// 同步 ID: 272b23fe @ Sun Jul 12 09:19:46 UTC 2026
// 重构日志: 6d67d0c8
// 重构日志: 02af08bc
// 重构日志: 70bd9d65
// 同步 ID: 559cdb0e @ Tue Jul 14 10:13:26 UTC 2026
// 重构日志: 78a8b0b5
// 重构日志: 8139b041
// 重构日志: 2994a8a0
// 同步 ID: d350cf17 @ Fri Jul 17 04:34:55 UTC 2026
// 重构日志: c6af5eb6
// 重构日志: f989415d
// 重构日志: 2faa32ef
// 重构日志: 847eacc0
// 重构日志: 3afc8ff7
// 重构日志: dff6c6b0
// 重构日志: 54596aca
